d:\cache\githubcache\carseat_recognization\carseat_recognization\query_module\query_module\debug\query_module.pch
d:\cache\githubcache\carseat_recognization\carseat_recognization\query_module\query_module\debug\vc140.pdb
d:\cache\githubcache\carseat_recognization\carseat_recognization\query_module\query_module\debug\vc140.idb
d:\cache\githubcache\carseat_recognization\carseat_recognization\query_module\query_module\debug\stdafx.obj
d:\cache\githubcache\carseat_recognization\carseat_recognization\query_module\query_module\debug\childfrm.obj
d:\cache\githubcache\carseat_recognization\carseat_recognization\query_module\query_module\debug\childview.obj
d:\cache\githubcache\carseat_recognization\carseat_recognization\query_module\query_module\debug\log.obj
d:\cache\githubcache\carseat_recognization\carseat_recognization\query_module\query_module\debug\md5.obj
d:\cache\githubcache\carseat_recognization\carseat_recognization\query_module\query_module\debug\parammanager.obj
d:\cache\githubcache\carseat_recognization\carseat_recognization\query_module\query_module\debug\utils.obj
d:\cache\githubcache\carseat_recognization\carseat_recognization\query_module\query_module\debug\conditondlg.obj
d:\cache\githubcache\carseat_recognization\carseat_recognization\query_module\query_module\debug\logindlg.obj
d:\cache\githubcache\carseat_recognization\carseat_recognization\query_module\query_module\debug\mainfrm.obj
d:\cache\githubcache\carseat_recognization\carseat_recognization\query_module\query_module\debug\networktask.obj
d:\cache\githubcache\carseat_recognization\carseat_recognization\query_module\query_module\debug\query_module.obj
d:\cache\githubcache\carseat_recognization\carseat_recognization\query_module\query_module\debug\tinystr.obj
d:\cache\githubcache\carseat_recognization\carseat_recognization\query_module\query_module\debug\tinyxml.obj
d:\cache\githubcache\carseat_recognization\carseat_recognization\query_module\query_module\debug\tinyxmlerror.obj
d:\cache\githubcache\carseat_recognization\carseat_recognization\query_module\query_module\debug\tinyxmlparser.obj
d:\cache\githubcache\carseat_recognization\carseat_recognization\query_module\query_module\debug\query_module.tlog\cl.command.1.tlog
d:\cache\githubcache\carseat_recognization\carseat_recognization\query_module\query_module\debug\query_module.tlog\cl.read.1.tlog
d:\cache\githubcache\carseat_recognization\carseat_recognization\query_module\query_module\debug\query_module.tlog\cl.write.1.tlog
d:\cache\githubcache\carseat_recognization\carseat_recognization\query_module\query_module\debug\query_module.tlog\rc.command.1.tlog
d:\cache\githubcache\carseat_recognization\carseat_recognization\query_module\query_module\debug\query_module.tlog\rc.read.1.tlog
d:\cache\githubcache\carseat_recognization\carseat_recognization\query_module\query_module\debug\query_module.tlog\rc.write.1.tlog
