d:\cache\githubcache\carseat_recognization\carseat_recognization\carseat_recognization\debug\carseat_recognization.pch
d:\cache\githubcache\carseat_recognization\carseat_recognization\carseat_recognization\debug\vc140.pdb
d:\cache\githubcache\carseat_recognization\carseat_recognization\carseat_recognization\debug\vc140.idb
d:\cache\githubcache\carseat_recognization\carseat_recognization\carseat_recognization\debug\stdafx.obj
d:\cache\githubcache\carseat_recognization\carseat_recognization\carseat_recognization\debug\carseat_recognization.obj
d:\cache\githubcache\carseat_recognization\carseat_recognization\carseat_recognization\debug\carseat_recognizationdlg.obj
d:\cache\githubcache\carseat_recognization\carseat_recognization\carseat_recognization\debug\log.obj
d:\cache\githubcache\carseat_recognization\carseat_recognization\carseat_recognization\debug\parammanager.obj
d:\cache\githubcache\carseat_recognization\carseat_recognization\carseat_recognization\debug\utils.obj
d:\cache\githubcache\carseat_recognization\carseat_recognization\carseat_recognization\debug\networktask.obj
d:\cache\githubcache\carseat_recognization\carseat_recognization\carseat_recognization\debug\opc.obj
d:\cache\githubcache\carseat_recognization\carseat_recognization\carseat_recognization\debug\tinystr.obj
d:\cache\githubcache\carseat_recognization\carseat_recognization\carseat_recognization\debug\tinyxml.obj
d:\cache\githubcache\carseat_recognization\carseat_recognization\carseat_recognization\debug\tinyxmlerror.obj
d:\cache\githubcache\carseat_recognization\carseat_recognization\carseat_recognization\debug\tinyxmlparser.obj
d:\cache\githubcache\carseat_recognization\carseat_recognization\carseat_recognization\debug\opccomn_i.obj
d:\cache\githubcache\carseat_recognization\carseat_recognization\carseat_recognization\debug\opcda_i.obj
d:\cache\githubcache\carseat_recognization\carseat_recognization\carseat_recognization\debug\inputdlg.obj
d:\cache\githubcache\carseat_recognization\carseat_recognization\carseat_recognization\debug\camera.obj
d:\cache\githubcache\carseat_recognization\carseat_recognization\carseat_recognization\debug\basematch.obj
d:\cache\githubcache\carseat_recognization\carseat_recognization\carseat_recognization\debug\filemanager.obj
d:\cache\githubcache\carseat_recognization\carseat_recognization\carseat_recognization\debug\typeidmanager.obj
d:\cache\githubcache\carseat_recognization\carseat_recognization\carseat_recognization\debug\corbflann.obj
d:\cache\githubcache\carseat_recognization\carseat_recognization\carseat_recognization\debug\patternmanager.obj
d:\cache\githubcache\carseat_recognization\carseat_recognization\carseat_recognization\debug\imageclassify.obj
d:\cache\githubcache\carseat_recognization\carseat_recognization\carseat_recognization\debug\carseat_recognization.res
d:\cache\githubcache\carseat_recognization\carseat_recognization\debug\carseat_recognization.pdb
d:\cache\githubcache\carseat_recognization\carseat_recognization\carseat_recognization\debug\carseat_.67b9aac7.tlog\cl.command.1.tlog
d:\cache\githubcache\carseat_recognization\carseat_recognization\carseat_recognization\debug\carseat_.67b9aac7.tlog\cl.read.1.tlog
d:\cache\githubcache\carseat_recognization\carseat_recognization\carseat_recognization\debug\carseat_.67b9aac7.tlog\cl.write.1.tlog
d:\cache\githubcache\carseat_recognization\carseat_recognization\carseat_recognization\debug\carseat_.67b9aac7.tlog\link.19636.read.1.tlog
d:\cache\githubcache\carseat_recognization\carseat_recognization\carseat_recognization\debug\carseat_.67b9aac7.tlog\link.19636.write.1.tlog
d:\cache\githubcache\carseat_recognization\carseat_recognization\carseat_recognization\debug\carseat_.67b9aac7.tlog\link.command.1.tlog
d:\cache\githubcache\carseat_recognization\carseat_recognization\carseat_recognization\debug\carseat_.67b9aac7.tlog\link.read.1.tlog
d:\cache\githubcache\carseat_recognization\carseat_recognization\carseat_recognization\debug\carseat_.67b9aac7.tlog\link.write.1.tlog
d:\cache\githubcache\carseat_recognization\carseat_recognization\carseat_recognization\debug\carseat_.67b9aac7.tlog\rc.command.1.tlog
d:\cache\githubcache\carseat_recognization\carseat_recognization\carseat_recognization\debug\carseat_.67b9aac7.tlog\rc.read.1.tlog
d:\cache\githubcache\carseat_recognization\carseat_recognization\carseat_recognization\debug\carseat_.67b9aac7.tlog\rc.write.1.tlog
