d:\cache\githubcache\carseat_recognization\carseat_recognization\carseat_recognization\x64\release\carseat_recognization.pch
d:\cache\githubcache\carseat_recognization\carseat_recognization\carseat_recognization\x64\release\vc140.pdb
d:\cache\githubcache\carseat_recognization\carseat_recognization\carseat_recognization\x64\release\stdafx.obj
d:\cache\githubcache\carseat_recognization\carseat_recognization\carseat_recognization\x64\release\log.obj
d:\cache\githubcache\carseat_recognization\carseat_recognization\carseat_recognization\x64\release\labelmanager.obj
d:\cache\githubcache\carseat_recognization\carseat_recognization\carseat_recognization\x64\release\carseat_recognizationdlg.obj
d:\cache\githubcache\carseat_recognization\carseat_recognization\carseat_recognization\x64\release\carseat_recognization.obj
d:\cache\githubcache\carseat_recognization\carseat_recognization\carseat_recognization\x64\release\linecamera.obj
d:\cache\githubcache\carseat_recognization\carseat_recognization\carseat_recognization\x64\release\actionsource.obj
d:\cache\githubcache\carseat_recognization\carseat_recognization\carseat_recognization\x64\release\cameramanager.obj
d:\cache\githubcache\carseat_recognization\carseat_recognization\carseat_recognization\x64\release\cameraparameterdlg.obj
d:\cache\githubcache\carseat_recognization\carseat_recognization\carseat_recognization\x64\release\tvaction.obj
d:\cache\githubcache\carseat_recognization\carseat_recognization\carseat_recognization\x64\release\property.obj
d:\cache\githubcache\carseat_recognization\carseat_recognization\carseat_recognization\x64\release\meteringmodeaction.obj
d:\cache\githubcache\carseat_recognization\carseat_recognization\carseat_recognization\x64\release\isoaction.obj
d:\cache\githubcache\carseat_recognization\carseat_recognization\carseat_recognization\x64\release\imagequalityaction.obj
d:\cache\githubcache\carseat_recognization\carseat_recognization\carseat_recognization\x64\release\exposureaction.obj
d:\cache\githubcache\carseat_recognization\carseat_recognization\carseat_recognization\x64\release\evfzoomaction.obj
d:\cache\githubcache\carseat_recognization\carseat_recognization\carseat_recognization\x64\release\evfpicturebox.obj
d:\cache\githubcache\carseat_recognization\carseat_recognization\carseat_recognization\x64\release\evfafmodeaction.obj
d:\cache\githubcache\carseat_recognization\carseat_recognization\carseat_recognization\x64\release\clickaction.obj
d:\cache\githubcache\carseat_recognization\carseat_recognization\carseat_recognization\x64\release\avaction.obj
d:\cache\githubcache\carseat_recognization\carseat_recognization\carseat_recognization\x64\release\aemodeaction.obj
d:\cache\githubcache\carseat_recognization\carseat_recognization\carseat_recognization\x64\release\tinyxmlparser.obj
d:\cache\githubcache\carseat_recognization\carseat_recognization\carseat_recognization\x64\release\tinyxmlerror.obj
d:\cache\githubcache\carseat_recognization\carseat_recognization\carseat_recognization\x64\release\tinyxml.obj
d:\cache\githubcache\carseat_recognization\carseat_recognization\carseat_recognization\x64\release\tinystr.obj
d:\cache\githubcache\carseat_recognization\carseat_recognization\carseat_recognization\x64\release\querydlg.obj
d:\cache\githubcache\carseat_recognization\carseat_recognization\carseat_recognization\x64\release\networktask.obj
d:\cache\githubcache\carseat_recognization\carseat_recognization\carseat_recognization\x64\release\kepserversocket.obj
d:\cache\githubcache\carseat_recognization\carseat_recognization\carseat_recognization\x64\release\logindlg.obj
d:\cache\githubcache\carseat_recognization\carseat_recognization\carseat_recognization\x64\release\inputdlg.obj
d:\cache\githubcache\carseat_recognization\carseat_recognization\carseat_recognization\x64\release\imageclassify.obj
d:\cache\githubcache\carseat_recognization\carseat_recognization\carseat_recognization\x64\release\utils.obj
d:\cache\githubcache\carseat_recognization\carseat_recognization\carseat_recognization\x64\release\rfidreader.obj
d:\cache\githubcache\carseat_recognization\carseat_recognization\carseat_recognization\x64\release\recogresultmanager.obj
d:\cache\githubcache\carseat_recognization\carseat_recognization\carseat_recognization\x64\release\parammanager.obj
d:\cache\githubcache\carseat_recognization\carseat_recognization\carseat_recognization\x64\release\md5.obj
d:\cache\githubcache\carseat_recognization\carseat_recognization\x64\release\carseat_recognization.exe
d:\cache\githubcache\carseat_recognization\carseat_recognization\x64\release\carseat_recognization.ipdb
d:\cache\githubcache\carseat_recognization\carseat_recognization\x64\release\carseat_recognization.iobj
d:\cache\githubcache\carseat_recognization\carseat_recognization\x64\release\carseat_recognization.pdb
d:\cache\githubcache\carseat_recognization\carseat_recognization\carseat_recognization\x64\release\carseat_recognization.res
d:\cache\githubcache\carseat_recognization\carseat_recognization\carseat_recognization\x64\release\carseat_.67b9aac7.tlog\cl.command.1.tlog
d:\cache\githubcache\carseat_recognization\carseat_recognization\carseat_recognization\x64\release\carseat_.67b9aac7.tlog\cl.read.1.tlog
d:\cache\githubcache\carseat_recognization\carseat_recognization\carseat_recognization\x64\release\carseat_.67b9aac7.tlog\cl.write.1.tlog
d:\cache\githubcache\carseat_recognization\carseat_recognization\carseat_recognization\x64\release\carseat_.67b9aac7.tlog\link.command.1.tlog
d:\cache\githubcache\carseat_recognization\carseat_recognization\carseat_recognization\x64\release\carseat_.67b9aac7.tlog\link.read.1.tlog
d:\cache\githubcache\carseat_recognization\carseat_recognization\carseat_recognization\x64\release\carseat_.67b9aac7.tlog\link.write.1.tlog
d:\cache\githubcache\carseat_recognization\carseat_recognization\carseat_recognization\x64\release\carseat_.67b9aac7.tlog\rc.command.1.tlog
d:\cache\githubcache\carseat_recognization\carseat_recognization\carseat_recognization\x64\release\carseat_.67b9aac7.tlog\rc.read.1.tlog
d:\cache\githubcache\carseat_recognization\carseat_recognization\carseat_recognization\x64\release\carseat_.67b9aac7.tlog\rc.write.1.tlog
