  CameraParameterDlg.cpp
CameraParameterDlg.cpp : warning C4819: 该文件包含不能在当前代码页(936)中表示的字符。请将该文件保存为 Unicode 格式以防止数据丢失
d:\cache\githubcache\carseat_recognization\carseat_recognization\carseat_recognization\CarSeat_Recognization.h : warning C4819: 该文件包含不能在当前代码页(936)中表示的字符。请将该文件保存为 Unicode 格式以防止数据丢失
d:\cache\githubcache\carseat_recognization\carseat_recognization\carseat_recognization\./common/Log.h : warning C4819: 该文件包含不能在当前代码页(936)中表示的字符。请将该文件保存为 Unicode 格式以防止数据丢失
d:\cache\githubcache\carseat_recognization\carseat_recognization\carseat_recognization\./network/NetworkTask.h : warning C4819: 该文件包含不能在当前代码页(936)中表示的字符。请将该文件保存为 Unicode 格式以防止数据丢失
d:\cache\githubcache\carseat_recognization\carseat_recognization\carseat_recognization\network\../common/ParamManager.h : warning C4819: 该文件包含不能在当前代码页(936)中表示的字符。请将该文件保存为 Unicode 格式以防止数据丢失
d:\cache\githubcache\carseat_recognization\carseat_recognization\carseat_recognization\network\../common/ParamManager.h(54): error C2065: “m_strLocalName”: 未声明的标识符
d:\cache\githubcache\carseat_recognization\carseat_recognization\carseat_recognization\common\./RecogResultManager.h : warning C4819: 该文件包含不能在当前代码页(936)中表示的字符。请将该文件保存为 Unicode 格式以防止数据丢失
d:\cache\githubcache\carseat_recognization\carseat_recognization\carseat_recognization\network\../Camera/CameraManager.h : warning C4819: 该文件包含不能在当前代码页(936)中表示的字符。请将该文件保存为 Unicode 格式以防止数据丢失
d:\cache\githubcache\carseat_recognization\carseat_recognization\carseat_recognization\network\../Camera/CameraManager.h(8): fatal error C1083: 无法打开包括文件: “Camera.h”: No such file or directory
  CameraManager.cpp
Camera\CameraManager.cpp : warning C4819: 该文件包含不能在当前代码页(936)中表示的字符。请将该文件保存为 Unicode 格式以防止数据丢失
d:\cache\githubcache\carseat_recognization\carseat_recognization\carseat_recognization\camera\CameraManager.h : warning C4819: 该文件包含不能在当前代码页(936)中表示的字符。请将该文件保存为 Unicode 格式以防止数据丢失
d:\cache\githubcache\carseat_recognization\carseat_recognization\carseat_recognization\camera\CameraManager.h(8): fatal error C1083: 无法打开包括文件: “Camera.h”: No such file or directory
  CarSeat_Recognization.cpp
CarSeat_Recognization.cpp : warning C4819: 该文件包含不能在当前代码页(936)中表示的字符。请将该文件保存为 Unicode 格式以防止数据丢失
d:\cache\githubcache\carseat_recognization\carseat_recognization\carseat_recognization\CarSeat_Recognization.h : warning C4819: 该文件包含不能在当前代码页(936)中表示的字符。请将该文件保存为 Unicode 格式以防止数据丢失
d:\cache\githubcache\carseat_recognization\carseat_recognization\carseat_recognization\./common/Log.h : warning C4819: 该文件包含不能在当前代码页(936)中表示的字符。请将该文件保存为 Unicode 格式以防止数据丢失
d:\cache\githubcache\carseat_recognization\carseat_recognization\carseat_recognization\./network/NetworkTask.h : warning C4819: 该文件包含不能在当前代码页(936)中表示的字符。请将该文件保存为 Unicode 格式以防止数据丢失
d:\cache\githubcache\carseat_recognization\carseat_recognization\carseat_recognization\network\../common/ParamManager.h : warning C4819: 该文件包含不能在当前代码页(936)中表示的字符。请将该文件保存为 Unicode 格式以防止数据丢失
d:\cache\githubcache\carseat_recognization\carseat_recognization\carseat_recognization\network\../common/ParamManager.h(54): error C2065: “m_strLocalName”: 未声明的标识符
d:\cache\githubcache\carseat_recognization\carseat_recognization\carseat_recognization\common\./RecogResultManager.h : warning C4819: 该文件包含不能在当前代码页(936)中表示的字符。请将该文件保存为 Unicode 格式以防止数据丢失
d:\cache\githubcache\carseat_recognization\carseat_recognization\carseat_recognization\network\../Camera/CameraManager.h : warning C4819: 该文件包含不能在当前代码页(936)中表示的字符。请将该文件保存为 Unicode 格式以防止数据丢失
d:\cache\githubcache\carseat_recognization\carseat_recognization\carseat_recognization\network\../Camera/CameraManager.h(8): fatal error C1083: 无法打开包括文件: “Camera.h”: No such file or directory
  CarSeat_RecognizationDlg.cpp
d:\cache\githubcache\carseat_recognization\carseat_recognization\carseat_recognization\CarSeat_Recognization.h : warning C4819: 该文件包含不能在当前代码页(936)中表示的字符。请将该文件保存为 Unicode 格式以防止数据丢失
d:\cache\githubcache\carseat_recognization\carseat_recognization\carseat_recognization\./common/Log.h : warning C4819: 该文件包含不能在当前代码页(936)中表示的字符。请将该文件保存为 Unicode 格式以防止数据丢失
d:\cache\githubcache\carseat_recognization\carseat_recognization\carseat_recognization\./network/NetworkTask.h : warning C4819: 该文件包含不能在当前代码页(936)中表示的字符。请将该文件保存为 Unicode 格式以防止数据丢失
d:\cache\githubcache\carseat_recognization\carseat_recognization\carseat_recognization\network\../common/ParamManager.h : warning C4819: 该文件包含不能在当前代码页(936)中表示的字符。请将该文件保存为 Unicode 格式以防止数据丢失
d:\cache\githubcache\carseat_recognization\carseat_recognization\carseat_recognization\network\../common/ParamManager.h(54): error C2065: “m_strLocalName”: 未声明的标识符
d:\cache\githubcache\carseat_recognization\carseat_recognization\carseat_recognization\common\./RecogResultManager.h : warning C4819: 该文件包含不能在当前代码页(936)中表示的字符。请将该文件保存为 Unicode 格式以防止数据丢失
d:\cache\githubcache\carseat_recognization\carseat_recognization\carseat_recognization\network\../Camera/CameraManager.h : warning C4819: 该文件包含不能在当前代码页(936)中表示的字符。请将该文件保存为 Unicode 格式以防止数据丢失
d:\cache\githubcache\carseat_recognization\carseat_recognization\carseat_recognization\network\../Camera/CameraManager.h(8): fatal error C1083: 无法打开包括文件: “Camera.h”: No such file or directory
  Log.cpp
common\Log.cpp : warning C4819: 该文件包含不能在当前代码页(936)中表示的字符。请将该文件保存为 Unicode 格式以防止数据丢失
d:\cache\githubcache\carseat_recognization\carseat_recognization\carseat_recognization\common\Log.h : warning C4819: 该文件包含不能在当前代码页(936)中表示的字符。请将该文件保存为 Unicode 格式以防止数据丢失
d:\cache\githubcache\carseat_recognization\carseat_recognization\carseat_recognization\common\./RecogResultManager.h : warning C4819: 该文件包含不能在当前代码页(936)中表示的字符。请将该文件保存为 Unicode 格式以防止数据丢失
common\Log.cpp(187): error C3861: “WriteExit”: 找不到标识符
  ParamManager.cpp
common\ParamManager.cpp : warning C4819: 该文件包含不能在当前代码页(936)中表示的字符。请将该文件保存为 Unicode 格式以防止数据丢失
d:\cache\githubcache\carseat_recognization\carseat_recognization\carseat_recognization\common\ParamManager.h : warning C4819: 该文件包含不能在当前代码页(936)中表示的字符。请将该文件保存为 Unicode 格式以防止数据丢失
d:\cache\githubcache\carseat_recognization\carseat_recognization\carseat_recognization\common\ParamManager.h(54): error C2065: “m_strLocalName”: 未声明的标识符
d:\cache\githubcache\carseat_recognization\carseat_recognization\carseat_recognization\common\Log.h : warning C4819: 该文件包含不能在当前代码页(936)中表示的字符。请将该文件保存为 Unicode 格式以防止数据丢失
d:\cache\githubcache\carseat_recognization\carseat_recognization\carseat_recognization\common\./RecogResultManager.h : warning C4819: 该文件包含不能在当前代码页(936)中表示的字符。请将该文件保存为 Unicode 格式以防止数据丢失
d:\cache\githubcache\carseat_recognization\carseat_recognization\carseat_recognization\common\../network/NetworkTask.h : warning C4819: 该文件包含不能在当前代码页(936)中表示的字符。请将该文件保存为 Unicode 格式以防止数据丢失
d:\cache\githubcache\carseat_recognization\carseat_recognization\carseat_recognization\network\../Camera/CameraManager.h : warning C4819: 该文件包含不能在当前代码页(936)中表示的字符。请将该文件保存为 Unicode 格式以防止数据丢失
d:\cache\githubcache\carseat_recognization\carseat_recognization\carseat_recognization\network\../Camera/CameraManager.h(8): fatal error C1083: 无法打开包括文件: “Camera.h”: No such file or directory
  RecogResultManager.cpp
common\RecogResultManager.cpp : warning C4819: 该文件包含不能在当前代码页(936)中表示的字符。请将该文件保存为 Unicode 格式以防止数据丢失
d:\cache\githubcache\carseat_recognization\carseat_recognization\carseat_recognization\common\RecogResultManager.h : warning C4819: 该文件包含不能在当前代码页(936)中表示的字符。请将该文件保存为 Unicode 格式以防止数据丢失
d:\cache\githubcache\carseat_recognization\carseat_recognization\carseat_recognization\common\Log.h : warning C4819: 该文件包含不能在当前代码页(936)中表示的字符。请将该文件保存为 Unicode 格式以防止数据丢失
common\RecogResultManager.cpp(84): warning C4244: “=”: 从“int64_t”转换到“int”，可能丢失数据
common\RecogResultManager.cpp(90): error C2447: “{”: 缺少函数标题(是否是老式的形式表?)
common\RecogResultManager.cpp(125): error C2039: “m_szTime”: 不是“RecogResult<char>”的成员
  d:\cache\githubcache\carseat_recognization\carseat_recognization\carseat_recognization\common\utils.h(33): note: 参见“RecogResult<char>”的声明
common\RecogResultManager.cpp(125): warning C4473: “sprintf_s”: 没有为格式字符串传递足够的参数
  common\RecogResultManager.cpp(125): note: 占位符和其参数预计 3 可变参数，但提供的却是 2 参数
  common\RecogResultManager.cpp(125): note: 缺失的可变参数 3 为格式字符串“%s”所需
  RFIDReader.cpp
common\RFIDReader.cpp : warning C4819: 该文件包含不能在当前代码页(936)中表示的字符。请将该文件保存为 Unicode 格式以防止数据丢失
d:\cache\githubcache\carseat_recognization\carseat_recognization\carseat_recognization\common\RFIDReader.h : warning C4819: 该文件包含不能在当前代码页(936)中表示的字符。请将该文件保存为 Unicode 格式以防止数据丢失
d:\cache\githubcache\carseat_recognization\carseat_recognization\carseat_recognization\common\./RecogResultManager.h : warning C4819: 该文件包含不能在当前代码页(936)中表示的字符。请将该文件保存为 Unicode 格式以防止数据丢失
d:\cache\githubcache\carseat_recognization\carseat_recognization\carseat_recognization\common\Log.h : warning C4819: 该文件包含不能在当前代码页(936)中表示的字符。请将该文件保存为 Unicode 格式以防止数据丢失
common\RFIDReader.cpp(56): warning C4244: “初始化”: 从“double”转换到“int”，可能丢失数据
common\RFIDReader.cpp(57): warning C4244: “初始化”: 从“double”转换到“int”，可能丢失数据
common\RFIDReader.cpp(63): fatal error C1019: 意外的 #else
  utils.cpp
common\utils.cpp : warning C4819: 该文件包含不能在当前代码页(936)中表示的字符。请将该文件保存为 Unicode 格式以防止数据丢失
d:\cache\githubcache\carseat_recognization\carseat_recognization\carseat_recognization\common\./RecogResultManager.h : warning C4819: 该文件包含不能在当前代码页(936)中表示的字符。请将该文件保存为 Unicode 格式以防止数据丢失
common\utils.cpp(18): warning C4267: “参数”: 从“size_t”转换到“int”，可能丢失数据
common\utils.cpp(22): warning C4267: “参数”: 从“size_t”转换到“int”，可能丢失数据
common\utils.cpp(32): warning C4267: “参数”: 从“size_t”转换到“int”，可能丢失数据
common\utils.cpp(36): warning C4267: “参数”: 从“size_t”转换到“int”，可能丢失数据
common\utils.cpp(116): error C2039: “m_szLineName”: 不是“RecogResult<char>”的成员
  d:\cache\githubcache\carseat_recognization\carseat_recognization\carseat_recognization\common\./RecogResultManager.h(223): note: 参见“RecogResult<char>”的声明
common\utils.cpp(119): error C2039: “m_szLineName”: 不是“RecogResult<wchar_t>”的成员
  d:\cache\githubcache\carseat_recognization\carseat_recognization\carseat_recognization\common\./RecogResultManager.h(224): note: 参见“RecogResult<wchar_t>”的声明
common\utils.cpp(124): error C2039: “m_szTime”: 不是“RecogResult<char>”的成员
  d:\cache\githubcache\carseat_recognization\carseat_recognization\carseat_recognization\common\./RecogResultManager.h(223): note: 参见“RecogResult<char>”的声明
common\utils.cpp(127): error C2039: “m_szTime”: 不是“RecogResult<wchar_t>”的成员
  d:\cache\githubcache\carseat_recognization\carseat_recognization\carseat_recognization\common\./RecogResultManager.h(224): note: 参见“RecogResult<wchar_t>”的声明
common\utils.cpp(132): error C2039: “m_szTypeByBarcode”: 不是“RecogResult<char>”的成员
  d:\cache\githubcache\carseat_recognization\carseat_recognization\carseat_recognization\common\./RecogResultManager.h(223): note: 参见“RecogResult<char>”的声明
common\utils.cpp(135): error C2039: “m_szTypeByBarcode”: 不是“RecogResult<wchar_t>”的成员
  d:\cache\githubcache\carseat_recognization\carseat_recognization\carseat_recognization\common\./RecogResultManager.h(224): note: 参见“RecogResult<wchar_t>”的声明
common\utils.cpp(211): error C2039: “m_szLineName”: 不是“RecogResult<wchar_t>”的成员
  d:\cache\githubcache\carseat_recognization\carseat_recognization\carseat_recognization\common\./RecogResultManager.h(224): note: 参见“RecogResult<wchar_t>”的声明
common\utils.cpp(214): error C2039: “m_szLineName”: 不是“RecogResult<char>”的成员
  d:\cache\githubcache\carseat_recognization\carseat_recognization\carseat_recognization\common\./RecogResultManager.h(223): note: 参见“RecogResult<char>”的声明
common\utils.cpp(219): error C2039: “m_szTime”: 不是“RecogResult<wchar_t>”的成员
  d:\cache\githubcache\carseat_recognization\carseat_recognization\carseat_recognization\common\./RecogResultManager.h(224): note: 参见“RecogResult<wchar_t>”的声明
common\utils.cpp(222): error C2039: “m_szTime”: 不是“RecogResult<char>”的成员
  d:\cache\githubcache\carseat_recognization\carseat_recognization\carseat_recognization\common\./RecogResultManager.h(223): note: 参见“RecogResult<char>”的声明
common\utils.cpp(227): error C2039: “m_szTypeByBarcode”: 不是“RecogResult<wchar_t>”的成员
  d:\cache\githubcache\carseat_recognization\carseat_recognization\carseat_recognization\common\./RecogResultManager.h(224): note: 参见“RecogResult<wchar_t>”的声明
common\utils.cpp(230): error C2039: “m_szTypeByBarcode”: 不是“RecogResult<char>”的成员
  d:\cache\githubcache\carseat_recognization\carseat_recognization\carseat_recognization\common\./RecogResultManager.h(223): note: 参见“RecogResult<char>”的声明
  InputDlg.cpp
InputDlg.cpp : warning C4819: 该文件包含不能在当前代码页(936)中表示的字符。请将该文件保存为 Unicode 格式以防止数据丢失
d:\cache\githubcache\carseat_recognization\carseat_recognization\carseat_recognization\CarSeat_Recognization.h : warning C4819: 该文件包含不能在当前代码页(936)中表示的字符。请将该文件保存为 Unicode 格式以防止数据丢失
d:\cache\githubcache\carseat_recognization\carseat_recognization\carseat_recognization\./common/Log.h : warning C4819: 该文件包含不能在当前代码页(936)中表示的字符。请将该文件保存为 Unicode 格式以防止数据丢失
d:\cache\githubcache\carseat_recognization\carseat_recognization\carseat_recognization\./network/NetworkTask.h : warning C4819: 该文件包含不能在当前代码页(936)中表示的字符。请将该文件保存为 Unicode 格式以防止数据丢失
d:\cache\githubcache\carseat_recognization\carseat_recognization\carseat_recognization\network\../common/ParamManager.h : warning C4819: 该文件包含不能在当前代码页(936)中表示的字符。请将该文件保存为 Unicode 格式以防止数据丢失
d:\cache\githubcache\carseat_recognization\carseat_recognization\carseat_recognization\network\../common/ParamManager.h(54): error C2065: “m_strLocalName”: 未声明的标识符
d:\cache\githubcache\carseat_recognization\carseat_recognization\carseat_recognization\common\./RecogResultManager.h : warning C4819: 该文件包含不能在当前代码页(936)中表示的字符。请将该文件保存为 Unicode 格式以防止数据丢失
d:\cache\githubcache\carseat_recognization\carseat_recognization\carseat_recognization\network\../Camera/CameraManager.h : warning C4819: 该文件包含不能在当前代码页(936)中表示的字符。请将该文件保存为 Unicode 格式以防止数据丢失
d:\cache\githubcache\carseat_recognization\carseat_recognization\carseat_recognization\network\../Camera/CameraManager.h(8): fatal error C1083: 无法打开包括文件: “Camera.h”: No such file or directory
  LoginDlg.cpp
LoginDlg.cpp : warning C4819: 该文件包含不能在当前代码页(936)中表示的字符。请将该文件保存为 Unicode 格式以防止数据丢失
d:\cache\githubcache\carseat_recognization\carseat_recognization\carseat_recognization\CarSeat_Recognization.h : warning C4819: 该文件包含不能在当前代码页(936)中表示的字符。请将该文件保存为 Unicode 格式以防止数据丢失
d:\cache\githubcache\carseat_recognization\carseat_recognization\carseat_recognization\./common/Log.h : warning C4819: 该文件包含不能在当前代码页(936)中表示的字符。请将该文件保存为 Unicode 格式以防止数据丢失
d:\cache\githubcache\carseat_recognization\carseat_recognization\carseat_recognization\./network/NetworkTask.h : warning C4819: 该文件包含不能在当前代码页(936)中表示的字符。请将该文件保存为 Unicode 格式以防止数据丢失
d:\cache\githubcache\carseat_recognization\carseat_recognization\carseat_recognization\network\../common/ParamManager.h : warning C4819: 该文件包含不能在当前代码页(936)中表示的字符。请将该文件保存为 Unicode 格式以防止数据丢失
d:\cache\githubcache\carseat_recognization\carseat_recognization\carseat_recognization\network\../common/ParamManager.h(54): error C2065: “m_strLocalName”: 未声明的标识符
d:\cache\githubcache\carseat_recognization\carseat_recognization\carseat_recognization\common\./RecogResultManager.h : warning C4819: 该文件包含不能在当前代码页(936)中表示的字符。请将该文件保存为 Unicode 格式以防止数据丢失
d:\cache\githubcache\carseat_recognization\carseat_recognization\carseat_recognization\network\../Camera/CameraManager.h : warning C4819: 该文件包含不能在当前代码页(936)中表示的字符。请将该文件保存为 Unicode 格式以防止数据丢失
d:\cache\githubcache\carseat_recognization\carseat_recognization\carseat_recognization\network\../Camera/CameraManager.h(8): fatal error C1083: 无法打开包括文件: “Camera.h”: No such file or directory
  NetworkTask.cpp
network\NetworkTask.cpp : warning C4819: 该文件包含不能在当前代码页(936)中表示的字符。请将该文件保存为 Unicode 格式以防止数据丢失
d:\cache\githubcache\carseat_recognization\carseat_recognization\carseat_recognization\network\NetworkTask.h : warning C4819: 该文件包含不能在当前代码页(936)中表示的字符。请将该文件保存为 Unicode 格式以防止数据丢失
d:\cache\githubcache\carseat_recognization\carseat_recognization\carseat_recognization\network\../common/ParamManager.h : warning C4819: 该文件包含不能在当前代码页(936)中表示的字符。请将该文件保存为 Unicode 格式以防止数据丢失
d:\cache\githubcache\carseat_recognization\carseat_recognization\carseat_recognization\network\../common/ParamManager.h(54): error C2065: “m_strLocalName”: 未声明的标识符
d:\cache\githubcache\carseat_recognization\carseat_recognization\carseat_recognization\common\./RecogResultManager.h : warning C4819: 该文件包含不能在当前代码页(936)中表示的字符。请将该文件保存为 Unicode 格式以防止数据丢失
d:\cache\githubcache\carseat_recognization\carseat_recognization\carseat_recognization\network\../Camera/CameraManager.h : warning C4819: 该文件包含不能在当前代码页(936)中表示的字符。请将该文件保存为 Unicode 格式以防止数据丢失
d:\cache\githubcache\carseat_recognization\carseat_recognization\carseat_recognization\network\../Camera/CameraManager.h(8): fatal error C1083: 无法打开包括文件: “Camera.h”: No such file or directory
  QueryDlg.cpp
QueryDlg.cpp : warning C4819: 该文件包含不能在当前代码页(936)中表示的字符。请将该文件保存为 Unicode 格式以防止数据丢失
d:\cache\githubcache\carseat_recognization\carseat_recognization\carseat_recognization\CarSeat_Recognization.h : warning C4819: 该文件包含不能在当前代码页(936)中表示的字符。请将该文件保存为 Unicode 格式以防止数据丢失
d:\cache\githubcache\carseat_recognization\carseat_recognization\carseat_recognization\./common/Log.h : warning C4819: 该文件包含不能在当前代码页(936)中表示的字符。请将该文件保存为 Unicode 格式以防止数据丢失
d:\cache\githubcache\carseat_recognization\carseat_recognization\carseat_recognization\./network/NetworkTask.h : warning C4819: 该文件包含不能在当前代码页(936)中表示的字符。请将该文件保存为 Unicode 格式以防止数据丢失
d:\cache\githubcache\carseat_recognization\carseat_recognization\carseat_recognization\network\../common/ParamManager.h : warning C4819: 该文件包含不能在当前代码页(936)中表示的字符。请将该文件保存为 Unicode 格式以防止数据丢失
d:\cache\githubcache\carseat_recognization\carseat_recognization\carseat_recognization\network\../common/ParamManager.h(54): error C2065: “m_strLocalName”: 未声明的标识符
d:\cache\githubcache\carseat_recognization\carseat_recognization\carseat_recognization\common\./RecogResultManager.h : warning C4819: 该文件包含不能在当前代码页(936)中表示的字符。请将该文件保存为 Unicode 格式以防止数据丢失
d:\cache\githubcache\carseat_recognization\carseat_recognization\carseat_recognization\network\../Camera/CameraManager.h : warning C4819: 该文件包含不能在当前代码页(936)中表示的字符。请将该文件保存为 Unicode 格式以防止数据丢失
d:\cache\githubcache\carseat_recognization\carseat_recognization\carseat_recognization\network\../Camera/CameraManager.h(8): fatal error C1083: 无法打开包括文件: “Camera.h”: No such file or directory
