d:\cache\githubcache\carseat_recognization\carseat_recognization\x64\debug\carseat_recognization.lib
d:\cache\githubcache\carseat_recognization\carseat_recognization\x64\debug\carseat_recognization.exp
d:\cache\githubcache\carseat_recognization\carseat_recognization\carseat_recognization\x64\debug\carseat_recognization.pch
d:\cache\githubcache\carseat_recognization\carseat_recognization\carseat_recognization\x64\debug\vc140.pdb
d:\cache\githubcache\carseat_recognization\carseat_recognization\carseat_recognization\x64\debug\vc140.idb
d:\cache\githubcache\carseat_recognization\carseat_recognization\carseat_recognization\x64\debug\stdafx.obj
d:\cache\githubcache\carseat_recognization\carseat_recognization\carseat_recognization\x64\debug\log.obj
d:\cache\githubcache\carseat_recognization\carseat_recognization\carseat_recognization\x64\debug\basematch.obj
d:\cache\githubcache\carseat_recognization\carseat_recognization\carseat_recognization\x64\debug\filemanager.obj
d:\cache\githubcache\carseat_recognization\carseat_recognization\carseat_recognization\x64\debug\typeidmanager.obj
d:\cache\githubcache\carseat_recognization\carseat_recognization\carseat_recognization\x64\debug\opc.obj
d:\cache\githubcache\carseat_recognization\carseat_recognization\carseat_recognization\x64\debug\tinystr.obj
d:\cache\githubcache\carseat_recognization\carseat_recognization\carseat_recognization\x64\debug\tinyxml.obj
d:\cache\githubcache\carseat_recognization\carseat_recognization\carseat_recognization\x64\debug\tinyxmlerror.obj
d:\cache\githubcache\carseat_recognization\carseat_recognization\carseat_recognization\x64\debug\tinyxmlparser.obj
d:\cache\githubcache\carseat_recognization\carseat_recognization\carseat_recognization\x64\debug\carseat_recognization.obj
d:\cache\githubcache\carseat_recognization\carseat_recognization\carseat_recognization\x64\debug\carseat_recognizationdlg.obj
d:\cache\githubcache\carseat_recognization\carseat_recognization\carseat_recognization\x64\debug\parammanager.obj
d:\cache\githubcache\carseat_recognization\carseat_recognization\carseat_recognization\x64\debug\utils.obj
d:\cache\githubcache\carseat_recognization\carseat_recognization\carseat_recognization\x64\debug\camera.obj
d:\cache\githubcache\carseat_recognization\carseat_recognization\carseat_recognization\x64\debug\corbflann.obj
d:\cache\githubcache\carseat_recognization\carseat_recognization\carseat_recognization\x64\debug\patternmanager.obj
d:\cache\githubcache\carseat_recognization\carseat_recognization\carseat_recognization\x64\debug\inputdlg.obj
d:\cache\githubcache\carseat_recognization\carseat_recognization\carseat_recognization\x64\debug\networktask.obj
d:\cache\githubcache\carseat_recognization\carseat_recognization\carseat_recognization\x64\debug\opccomn_i.obj
d:\cache\githubcache\carseat_recognization\carseat_recognization\carseat_recognization\x64\debug\opcda_i.obj
d:\cache\githubcache\carseat_recognization\carseat_recognization\carseat_recognization\x64\debug\label_image_command_line.obj
d:\cache\githubcache\carseat_recognization\carseat_recognization\carseat_recognization\x64\debug\imageclassify.obj
d:\cache\githubcache\carseat_recognization\carseat_recognization\x64\debug\carseat_recognization.ilk
d:\cache\githubcache\carseat_recognization\carseat_recognization\x64\debug\carseat_recognization.exe
d:\cache\githubcache\carseat_recognization\carseat_recognization\x64\debug\carseat_recognization.pdb
d:\cache\githubcache\carseat_recognization\carseat_recognization\carseat_recognization\x64\debug\carseat_recognization.res
d:\cache\githubcache\carseat_recognization\carseat_recognization\carseat_recognization\x64\debug\networktask.obj.enc
d:\cache\githubcache\carseat_recognization\carseat_recognization\carseat_recognization\x64\debug\carseat_.67b9aac7.tlog\carseat_recognization.write.1u.tlog
d:\cache\githubcache\carseat_recognization\carseat_recognization\carseat_recognization\x64\debug\carseat_.67b9aac7.tlog\cl.command.1.tlog
d:\cache\githubcache\carseat_recognization\carseat_recognization\carseat_recognization\x64\debug\carseat_.67b9aac7.tlog\cl.read.1.tlog
d:\cache\githubcache\carseat_recognization\carseat_recognization\carseat_recognization\x64\debug\carseat_.67b9aac7.tlog\cl.write.1.tlog
d:\cache\githubcache\carseat_recognization\carseat_recognization\carseat_recognization\x64\debug\carseat_.67b9aac7.tlog\link.command.1.tlog
d:\cache\githubcache\carseat_recognization\carseat_recognization\carseat_recognization\x64\debug\carseat_.67b9aac7.tlog\link.read.1.tlog
d:\cache\githubcache\carseat_recognization\carseat_recognization\carseat_recognization\x64\debug\carseat_.67b9aac7.tlog\link.write.1.tlog
d:\cache\githubcache\carseat_recognization\carseat_recognization\carseat_recognization\x64\debug\carseat_.67b9aac7.tlog\rc.command.1.tlog
d:\cache\githubcache\carseat_recognization\carseat_recognization\carseat_recognization\x64\debug\carseat_.67b9aac7.tlog\rc.read.1.tlog
d:\cache\githubcache\carseat_recognization\carseat_recognization\carseat_recognization\x64\debug\carseat_.67b9aac7.tlog\rc.write.1.tlog
